Using pre-set license
Built from '2020.2/staging' branch; Version is '2020.2.7f1 (c53830e277f1) revision 12924976'; Using compiler version '192528614'; Build Type 'Release'
OS: 'Windows 8.1  (6.3.0) 64bit' Language: 'en' Physical Memory: 6029 MB
BatchMode: 1, IsHumanControllingUs: 0, StartBugReporterOnCrash: 0, Is64bit: 1, IsPro: 0

 COMMAND LINE ARGUMENTS:
D:\unity\Editor\Unity.exe
-adb2
-batchMode
-noUpm
-name
AssetImportWorker0
-projectPath
D:/unity/project/prototype5
-logFile
Logs/AssetImportWorker0.log
-srvPort
13050
Successfully changed project path to: D:/unity/project/prototype5
D:/unity/project/prototype5
Using Asset Import Pipeline V2.
Refreshing native plugins compatible for Editor in 48.72 ms, found 0 plugins.
Preloading 0 native plugins for Editor in 0.00 ms.
Initialize engine version: 2020.2.7f1 (c53830e277f1)
[Subsystems] Discovering subsystems at path D:/unity/Editor/Data/Resources/UnitySubsystems
[Subsystems] Discovering subsystems at path D:/unity/project/prototype5/Assets
GfxDevice: creating device client; threaded=0
d3d11: QueryInterface(IDXGIFactory5) failed (80004002).
Direct3D:
    Version:  Direct3D 11.0 [level 11.0]
    Renderer: NVIDIA GeForce GT 740M (ID=0xfdf)
    Vendor:   
    VRAM:     1977 MB
    Driver:   25.21.14.2531
Initialize mono
Mono path[0] = 'D:/unity/Editor/Data/Managed'
Mono path[1] = 'D:/unity/Editor/Data/MonoBleedingEdge/lib/mono/unityjit'
Mono config path = 'D:/unity/Editor/Data/MonoBleedingEdge/etc'
Using monoOptions --debugger-agent=transport=dt_socket,embedding=1,server=y,suspend=n,address=127.0.0.1:56308
Begin MonoManager ReloadAssembly
Registering precompiled unity dll's ...
Register platform support module: D:/unity/Editor/Data/PlaybackEngines/WindowsStandaloneSupport/UnityEditor.WindowsStandalone.Extensions.dll
Registered in 0.001364 seconds.
Native extension for WindowsStandalone target not found
Refreshing native plugins compatible for Editor in 88.12 ms, found 0 plugins.
Preloading 0 native plugins for Editor in 0.00 ms.
Invoked RoslynAnalysisRunner static constructor.
RoslynAnalysisRunner will not be running.
RoslynAnalysisRunner has terminated.
Mono: successfully reloaded assembly
- Completed reload, in  1.974 seconds
Platform modules already initialized, skipping
Registering precompiled user dll's ...
Registered in 0.000966 seconds.
Begin MonoManager ReloadAssembly
Native extension for WindowsStandalone target not found
Refreshing native plugins compatible for Editor in 0.37 ms, found 0 plugins.
Preloading 0 native plugins for Editor in 0.00 ms.
Invoked RoslynAnalysisRunner static constructor.
RoslynAnalysisRunner will not be running.
RoslynAnalysisRunner has terminated.
Mono: successfully reloaded assembly
- Completed reload, in  1.961 seconds
Platform modules already initialized, skipping
========================================================================
Worker process is ready to serve import requests
Launched and connected shader compiler UnityShaderCompiler.exe after 0.03 seconds
Refreshing native plugins compatible for Editor in 0.31 ms, found 0 plugins.
Preloading 0 native plugins for Editor in 0.00 ms.
Unloading 1130 Unused Serialized files (Serialized files now loaded: 0)
System memory in use before: 59.8 MB.
System memory in use after: 59.9 MB.

Unloading 10 unused Assets to reduce memory usage. Loaded Objects now: 1576.
Total: 2.987185 ms (FindLiveObjects: 0.237196 ms CreateObjectMapping: 0.144256 ms MarkObjects: 2.478583 ms  DeleteObjects: 0.124300 ms)

========================================================================
Received Import Request.
  path: Assets/Scripts/GameManager.cs
  artifactKey: Guid(7195be7dfe895174a90b1c9143f797b7) Importer(815301076,1909f56bfc062723c751e8b465ee728b)
Start importing Assets/Scripts/GameManager.cs using Guid(7195be7dfe895174a90b1c9143f797b7) Importer(815301076,1909f56bfc062723c751e8b465ee728b)  -> (artifact id: '0048635218fe8fa9bfa4c1688c46ff7a') in 0.091936 seconds
  Import took 0.094924 seconds .

========================================================================
Received Prepare
Registering precompiled user dll's ...
Registered in 0.001396 seconds.
Begin MonoManager ReloadAssembly
Native extension for WindowsStandalone target not found
Refreshing native plugins compatible for Editor in 0.32 ms, found 0 plugins.
Preloading 0 native plugins for Editor in 0.00 ms.
Invoked RoslynAnalysisRunner static constructor.
RoslynAnalysisRunner will not be running.
RoslynAnalysisRunner has terminated.
Mono: successfully reloaded assembly
- Completed reload, in  1.429 seconds
Platform modules already initialized, skipping
Refreshing native plugins compatible for Editor in 0.33 ms, found 0 plugins.
Preloading 0 native plugins for Editor in 0.00 ms.
Unloading 1111 Unused Serialized files (Serialized files now loaded: 0)
System memory in use before: 58.7 MB.
System memory in use after: 58.7 MB.

Unloading 5 unused Assets to reduce memory usage. Loaded Objects now: 1579.
Total: 3.013414 ms (FindLiveObjects: 0.261144 ms CreateObjectMapping: 0.122019 ms MarkObjects: 2.537311 ms  DeleteObjects: 0.090089 ms)

========================================================================
Received Import Request.
  Time since last request: 23.069571 seconds.
  path: Assets/Scripts/GameManager.cs
  artifactKey: Guid(7195be7dfe895174a90b1c9143f797b7) Importer(815301076,1909f56bfc062723c751e8b465ee728b)
Start importing Assets/Scripts/GameManager.cs using Guid(7195be7dfe895174a90b1c9143f797b7) Importer(815301076,1909f56bfc062723c751e8b465ee728b)  -> (artifact id: 'b104b248e0030fce668e2aa3ac02f651') in 0.007063 seconds
  Import took 0.009849 seconds .

========================================================================
Received Prepare
Registering precompiled user dll's ...
Registered in 0.001312 seconds.
Begin MonoManager ReloadAssembly
Native extension for WindowsStandalone target not found
Refreshing native plugins compatible for Editor in 0.36 ms, found 0 plugins.
Preloading 0 native plugins for Editor in 0.00 ms.
Invoked RoslynAnalysisRunner static constructor.
RoslynAnalysisRunner will not be running.
RoslynAnalysisRunner has terminated.
Mono: successfully reloaded assembly
- Completed reload, in  1.427 seconds
Platform modules already initialized, skipping
Refreshing native plugins compatible for Editor in 0.39 ms, found 0 plugins.
Preloading 0 native plugins for Editor in 0.00 ms.
Unloading 1111 Unused Serialized files (Serialized files now loaded: 0)
System memory in use before: 58.7 MB.
System memory in use after: 58.8 MB.

Unloading 5 unused Assets to reduce memory usage. Loaded Objects now: 1582.
Total: 4.764443 ms (FindLiveObjects: 0.241757 ms CreateObjectMapping: 0.443032 ms MarkObjects: 3.981583 ms  DeleteObjects: 0.094080 ms)

========================================================================
Received Import Request.
  Time since last request: 198.602951 seconds.
  path: Assets/Scripts/GameManager.cs
  artifactKey: Guid(7195be7dfe895174a90b1c9143f797b7) Importer(815301076,1909f56bfc062723c751e8b465ee728b)
Start importing Assets/Scripts/GameManager.cs using Guid(7195be7dfe895174a90b1c9143f797b7) Importer(815301076,1909f56bfc062723c751e8b465ee728b)  -> (artifact id: 'cd30b48be1f17e8294c45308d1505809') in 0.008670 seconds
  Import took 0.011812 seconds .

========================================================================
Received Prepare
Registering precompiled user dll's ...
Registered in 0.001350 seconds.
Begin MonoManager ReloadAssembly
Native extension for WindowsStandalone target not found
Refreshing native plugins compatible for Editor in 0.35 ms, found 0 plugins.
Preloading 0 native plugins for Editor in 0.00 ms.
Invoked RoslynAnalysisRunner static constructor.
RoslynAnalysisRunner will not be running.
RoslynAnalysisRunner has terminated.
Mono: successfully reloaded assembly
- Completed reload, in  1.432 seconds
Platform modules already initialized, skipping
Refreshing native plugins compatible for Editor in 0.38 ms, found 0 plugins.
Preloading 0 native plugins for Editor in 0.00 ms.
Unloading 1111 Unused Serialized files (Serialized files now loaded: 0)
System memory in use before: 58.7 MB.
System memory in use after: 58.8 MB.

Unloading 5 unused Assets to reduce memory usage. Loaded Objects now: 1585.
Total: 3.272276 ms (FindLiveObjects: 0.282810 ms CreateObjectMapping: 0.127721 ms MarkObjects: 2.766525 ms  DeleteObjects: 0.091799 ms)

========================================================================
Received Prepare
Registering precompiled user dll's ...
Registered in 0.001182 seconds.
Begin MonoManager ReloadAssembly
Native extension for WindowsStandalone target not found
Refreshing native plugins compatible for Editor in 0.40 ms, found 0 plugins.
Preloading 0 native plugins for Editor in 0.00 ms.
Invoked RoslynAnalysisRunner static constructor.
RoslynAnalysisRunner will not be running.
RoslynAnalysisRunner has terminated.
Mono: successfully reloaded assembly
- Completed reload, in  1.589 seconds
Platform modules already initialized, skipping
Refreshing native plugins compatible for Editor in 0.32 ms, found 0 plugins.
Preloading 0 native plugins for Editor in 0.00 ms.
Unloading 1111 Unused Serialized files (Serialized files now loaded: 0)
System memory in use before: 58.7 MB.
System memory in use after: 58.8 MB.

Unloading 5 unused Assets to reduce memory usage. Loaded Objects now: 1588.
Total: 3.019115 ms (FindLiveObjects: 0.180748 ms CreateObjectMapping: 0.065571 ms MarkObjects: 2.683848 ms  DeleteObjects: 0.086098 ms)

========================================================================
Received Prepare
Registering precompiled user dll's ...
Registered in 0.001138 seconds.
Begin MonoManager ReloadAssembly
Native extension for WindowsStandalone target not found
Refreshing native plugins compatible for Editor in 0.32 ms, found 0 plugins.
Preloading 0 native plugins for Editor in 0.00 ms.
Invoked RoslynAnalysisRunner static constructor.
RoslynAnalysisRunner will not be running.
RoslynAnalysisRunner has terminated.
Mono: successfully reloaded assembly
- Completed reload, in  1.422 seconds
Platform modules already initialized, skipping
Refreshing native plugins compatible for Editor in 0.37 ms, found 0 plugins.
Preloading 0 native plugins for Editor in 0.00 ms.
Unloading 1111 Unused Serialized files (Serialized files now loaded: 0)
System memory in use before: 58.7 MB.
System memory in use after: 58.8 MB.

Unloading 5 unused Assets to reduce memory usage. Loaded Objects now: 1591.
Total: 2.779069 ms (FindLiveObjects: 0.244608 ms CreateObjectMapping: 0.146537 ms MarkObjects: 2.302396 ms  DeleteObjects: 0.083247 ms)

========================================================================
Received Prepare
Registering precompiled user dll's ...
Registered in 0.000924 seconds.
Begin MonoManager ReloadAssembly
Native extension for WindowsStandalone target not found
Refreshing native plugins compatible for Editor in 0.40 ms, found 0 plugins.
Preloading 0 native plugins for Editor in 0.00 ms.
Invoked RoslynAnalysisRunner static constructor.
RoslynAnalysisRunner will not be running.
RoslynAnalysisRunner has terminated.
Mono: successfully reloaded assembly
- Completed reload, in  1.246 seconds
Platform modules already initialized, skipping
Refreshing native plugins compatible for Editor in 0.45 ms, found 0 plugins.
Preloading 0 native plugins for Editor in 0.00 ms.
Unloading 1111 Unused Serialized files (Serialized files now loaded: 0)
System memory in use before: 58.7 MB.
System memory in use after: 58.8 MB.

Unloading 5 unused Assets to reduce memory usage. Loaded Objects now: 1594.
Total: 3.798555 ms (FindLiveObjects: 0.364346 ms CreateObjectMapping: 0.100922 ms MarkObjects: 3.239206 ms  DeleteObjects: 0.091229 ms)

========================================================================
Received Import Request.
  Time since last request: 1060.056857 seconds.
  path: Assets/Prefabs/Background.prefab
  artifactKey: Guid(cb0bde0175ad305498f5bee082ebc74a) Importer(815301076,1909f56bfc062723c751e8b465ee728b)
Start importing Assets/Prefabs/Background.prefab using Guid(cb0bde0175ad305498f5bee082ebc74a) Importer(815301076,1909f56bfc062723c751e8b465ee728b)  -> (artifact id: '1db142bb80b7c3f02b4bcc1dfead8a17') in 0.205568 seconds
  Import took 0.209387 seconds .

========================================================================
Received Prepare
Registering precompiled user dll's ...
Registered in 0.000828 seconds.
Begin MonoManager ReloadAssembly
Native extension for WindowsStandalone target not found
Refreshing native plugins compatible for Editor in 0.33 ms, found 0 plugins.
Preloading 0 native plugins for Editor in 0.00 ms.
Invoked RoslynAnalysisRunner static constructor.
RoslynAnalysisRunner will not be running.
RoslynAnalysisRunner has terminated.
Mono: successfully reloaded assembly
- Completed reload, in  1.213 seconds
Platform modules already initialized, skipping
Refreshing native plugins compatible for Editor in 0.40 ms, found 0 plugins.
Preloading 0 native plugins for Editor in 0.00 ms.
Unloading 1111 Unused Serialized files (Serialized files now loaded: 0)
System memory in use before: 61.9 MB.
System memory in use after: 61.9 MB.

Unloading 5 unused Assets to reduce memory usage. Loaded Objects now: 1605.
Total: 3.631491 ms (FindLiveObjects: 0.428207 ms CreateObjectMapping: 0.175616 ms MarkObjects: 2.910211 ms  DeleteObjects: 0.115177 ms)

========================================================================
Received Prepare
Registering precompiled user dll's ...
Registered in 0.001311 seconds.
Begin MonoManager ReloadAssembly
Native extension for WindowsStandalone target not found
Refreshing native plugins compatible for Editor in 0.44 ms, found 0 plugins.
Preloading 0 native plugins for Editor in 0.00 ms.
Invoked RoslynAnalysisRunner static constructor.
RoslynAnalysisRunner will not be running.
RoslynAnalysisRunner has terminated.
Mono: successfully reloaded assembly
- Completed reload, in  1.603 seconds
Platform modules already initialized, skipping
Refreshing native plugins compatible for Editor in 0.35 ms, found 0 plugins.
Preloading 0 native plugins for Editor in 0.00 ms.
Unloading 1111 Unused Serialized files (Serialized files now loaded: 0)
System memory in use before: 61.9 MB.
System memory in use after: 61.9 MB.

Unloading 5 unused Assets to reduce memory usage. Loaded Objects now: 1608.
Total: 2.830385 ms (FindLiveObjects: 0.339258 ms CreateObjectMapping: 0.140835 ms MarkObjects: 2.253931 ms  DeleteObjects: 0.093510 ms)

========================================================================
Received Import Request.
  Time since last request: 411.068487 seconds.
  path: Assets/Prefabs/New Animation.anim
  artifactKey: Guid(9353fefdfe625604fb7ee035d2d23ff3) Importer(815301076,1909f56bfc062723c751e8b465ee728b)
Start importing Assets/Prefabs/New Animation.anim using Guid(9353fefdfe625604fb7ee035d2d23ff3) Importer(815301076,1909f56bfc062723c751e8b465ee728b)  -> (artifact id: '3fc71652d238c038ff61e89c46dccf74') in 0.028007 seconds
  Import took 0.032294 seconds .

========================================================================
Received Import Request.
  Time since last request: 0.000874 seconds.
  path: Assets/Prefabs/New Animation.anim
  artifactKey: Guid(9353fefdfe625604fb7ee035d2d23ff3) Importer(815301076,1909f56bfc062723c751e8b465ee728b)
Start importing Assets/Prefabs/New Animation.anim using Guid(9353fefdfe625604fb7ee035d2d23ff3) Importer(815301076,1909f56bfc062723c751e8b465ee728b)  -> (artifact id: '3fc71652d238c038ff61e89c46dccf74') in 0.005238 seconds
  Import took 0.009143 seconds .

========================================================================
Received Import Request.
  Time since last request: 13.220378 seconds.
  path: Assets/Prefabs/New Animator Controller.controller
  artifactKey: Guid(78c32acb25ff26440a159f57511ee4b6) Importer(815301076,1909f56bfc062723c751e8b465ee728b)
Start importing Assets/Prefabs/New Animator Controller.controller using Guid(78c32acb25ff26440a159f57511ee4b6) Importer(815301076,1909f56bfc062723c751e8b465ee728b)  -> (artifact id: 'b0f0df4fcc92e1883d09e6df9272bd03') in 0.011441 seconds
  Import took 0.017822 seconds .

========================================================================
Received Import Request.
  Time since last request: 3.867570 seconds.
  path: Assets/Prefabs/Button.controller
  artifactKey: Guid(78c32acb25ff26440a159f57511ee4b6) Importer(815301076,1909f56bfc062723c751e8b465ee728b)
Start importing Assets/Prefabs/Button.controller using Guid(78c32acb25ff26440a159f57511ee4b6) Importer(815301076,1909f56bfc062723c751e8b465ee728b)  -> (artifact id: 'acaa27af9a15402337a1b1e7d71f84ac') in 0.006839 seconds
  Import took 0.010852 seconds .

========================================================================
Received Import Request.
  Time since last request: 63.559153 seconds.
  path: Assets/Prefabs/Button.anim
  artifactKey: Guid(9353fefdfe625604fb7ee035d2d23ff3) Importer(815301076,1909f56bfc062723c751e8b465ee728b)
Start importing Assets/Prefabs/Button.anim using Guid(9353fefdfe625604fb7ee035d2d23ff3) Importer(815301076,1909f56bfc062723c751e8b465ee728b)  -> (artifact id: '7cd88da8a43005beb9ca099437f80812') in 0.006060 seconds
  Import took 0.009864 seconds .

========================================================================
Received Prepare
Registering precompiled user dll's ...
Registered in 0.000892 seconds.
Begin MonoManager ReloadAssembly
Native extension for WindowsStandalone target not found
Refreshing native plugins compatible for Editor in 0.32 ms, found 0 plugins.
Preloading 0 native plugins for Editor in 0.00 ms.
Invoked RoslynAnalysisRunner static constructor.
RoslynAnalysisRunner will not be running.
RoslynAnalysisRunner has terminated.
Mono: successfully reloaded assembly
- Completed reload, in  1.217 seconds
Platform modules already initialized, skipping
Refreshing native plugins compatible for Editor in 0.34 ms, found 0 plugins.
Preloading 0 native plugins for Editor in 0.00 ms.
Unloading 1111 Unused Serialized files (Serialized files now loaded: 0)
System memory in use before: 61.9 MB.
System memory in use after: 62.0 MB.

Unloading 5 unused Assets to reduce memory usage. Loaded Objects now: 1611.
Total: 2.815560 ms (FindLiveObjects: 0.306758 ms CreateObjectMapping: 0.109475 ms MarkObjects: 2.316651 ms  DeleteObjects: 0.080966 ms)

========================================================================
Received Import Request.
  Time since last request: 548.973242 seconds.
  path: Assets/Prefabs/GameOverAnimation.anim
  artifactKey: Guid(8cf434cbcabfecf46bd29616a8c905b4) Importer(815301076,1909f56bfc062723c751e8b465ee728b)
Start importing Assets/Prefabs/GameOverAnimation.anim using Guid(8cf434cbcabfecf46bd29616a8c905b4) Importer(815301076,1909f56bfc062723c751e8b465ee728b)  -> (artifact id: 'b63c7181d78b0f448d4f04dc987b7709') in 0.028360 seconds
  Import took 0.032645 seconds .

